<?xml version="1.0" encoding="UTF-8"?>
<!-- Generated by org.testng.reporters.JUnitXMLReporter -->
<testsuite ignored="0" hostname="Dark-Saber" failures="0" tests="3" name="Default test" time="20.171" errors="0" timestamp="2023-10-10T16:57:30 IST">
  <testcase classname="TestNG_Basics.TestClass" name="GoogleLaunch" time="13.123"/>
  <testcase classname="TestNG_Basics.TestClass" name="Django" time="0.004"/>
  <testcase classname="TestNG_Basics.TestClass" name="Facebook" time="6.936"/>
</testsuite> <!-- Default test -->
