<?xml version="1.0" encoding="UTF-8"?>
<!-- Generated by org.testng.reporters.JUnitXMLReporter -->
<testsuite ignored="0" hostname="Dark-Saber" failures="0" tests="4" name="Default test" time="40.924" errors="0" timestamp="2023-10-22T01:44:02 IST">
  <testcase classname="Framework.LoginPage" name="Login" time="10.899"/>
  <testcase classname="Framework.LoginPage" name="Login" time="9.386"/>
  <testcase classname="Framework.LoginPage" name="Login" time="10.568"/>
  <testcase classname="Framework.LoginPage" name="Login" time="10.021"/>
</testsuite> <!-- Default test -->
