<?xml version="1.0" encoding="UTF-8"?>
<!-- Generated by org.testng.reporters.JUnitXMLReporter -->
<testsuite ignored="0" hostname="Dark-Saber" failures="0" tests="7" name="Test" time="22.333" errors="0" timestamp="2023-10-10T16:51:54 IST">
  <testcase classname="TestNG_Basics.TestNGFile" name="Asetup" time="0.023"/>
  <testcase classname="TestNG_Basics.TestNGFile" name="Beta" time="0.003"/>
  <testcase classname="TestNG_Basics.TestNGFile" name="execute" time="0.003"/>
  <testcase classname="TestNG_Basics.TestClass" name="Django" time="0.002"/>
  <testcase classname="TestNG_Basics.TestClass" name="Facebook" time="11.719"/>
  <testcase classname="TestNG_Basics.TestClass" name="GoogleLaunch" time="10.466"/>
  <testcase classname="TestNG_Basics.TestClass" name="ROR" time="0.003"/>
</testsuite> <!-- Test -->
