<?xml version="1.0" encoding="UTF-8"?>
<!-- Generated by org.testng.reporters.JUnitXMLReporter -->
<testsuite ignored="0" hostname="Dark-Saber" failures="0" tests="3" name="Test" time="0.084" errors="0" timestamp="2023-10-12T15:45:29 IST">
  <testcase classname="TestNG_Basics.TestNGFile" name="Asetup" time="0.016"/>
  <testcase classname="TestNG_Basics.TestNGFile" name="Beta" time="0.002"/>
  <testcase classname="TestNG_Basics.TestNGFile" name="execute" time="0.002"/>
</testsuite> <!-- Test -->
