<?xml version="1.0" encoding="UTF-8"?>
<!-- Generated by org.testng.reporters.JUnitXMLReporter -->
<testsuite ignored="1" hostname="Dark-Saber" failures="0" tests="3" name="test" time="13.962" errors="0" timestamp="2023-10-10T16:46:26 IST">
  <testcase classname="TestNG_Basics.TestClass" name="Django" time="0.023"/>
  <testcase classname="TestNG_Basics.TestClass" name="GoogleLaunch" time="13.832"/>
  <testcase classname="TestNG_Basics.TestClass" name="ROR" time="0.0"/>
  <testcase classname="TestNG_Basics.TestClass" name="Facebook" time="0.0">
    <ignored/>
  </testcase> <!-- Facebook -->
</testsuite> <!-- test -->
