<?xml version="1.0" encoding="UTF-8"?>
<testng-results ignored="0" total="4" passed="4" failed="0" skipped="0">
  <reporter-output>
  </reporter-output>
  <suite started-at="2023-10-22T01:43:21 IST" name="Default suite" finished-at="2023-10-22T01:44:02 IST" duration-ms="40924">
    <groups>
    </groups>
    <test started-at="2023-10-22T01:43:21 IST" name="Default test" finished-at="2023-10-22T01:44:02 IST" duration-ms="40924">
      <class name="Framework.LoginPage">
        <test-method signature="Login(java.lang.String,java.lang.String)[pri:0, instance:Framework.LoginPage@306e95ec]" started-at="2023-10-22T01:43:21 IST" name="Login" data-provider="Credentials" finished-at="2023-10-22T01:43:32 IST" duration-ms="10899" status="PASS">
          <params>
            <param index="0">
              <value>
                <![CDATA[Admin]]>
              </value>
            </param>
            <param index="1">
              <value>
                <![CDATA[admin123]]>
              </value>
            </param>
          </params>
          <reporter-output>
          </reporter-output>
        </test-method> <!-- Login -->
        <test-method signature="Login(java.lang.String,java.lang.String)[pri:0, instance:Framework.LoginPage@306e95ec]" started-at="2023-10-22T01:43:32 IST" name="Login" data-provider="Credentials" finished-at="2023-10-22T01:43:42 IST" duration-ms="9386" status="PASS">
          <params>
            <param index="0">
              <value>
                <![CDATA[Admin2]]>
              </value>
            </param>
            <param index="1">
              <value>
                <![CDATA[admin223]]>
              </value>
            </param>
          </params>
          <reporter-output>
          </reporter-output>
        </test-method> <!-- Login -->
        <test-method signature="Login(java.lang.String,java.lang.String)[pri:0, instance:Framework.LoginPage@306e95ec]" started-at="2023-10-22T01:43:42 IST" name="Login" data-provider="Credentials" finished-at="2023-10-22T01:43:52 IST" duration-ms="10568" status="PASS">
          <params>
            <param index="0">
              <value>
                <![CDATA[Admin3]]>
              </value>
            </param>
            <param index="1">
              <value>
                <![CDATA[admin323]]>
              </value>
            </param>
          </params>
          <reporter-output>
          </reporter-output>
        </test-method> <!-- Login -->
        <test-method signature="Login(java.lang.String,java.lang.String)[pri:0, instance:Framework.LoginPage@306e95ec]" started-at="2023-10-22T01:43:52 IST" name="Login" data-provider="Credentials" finished-at="2023-10-22T01:44:02 IST" duration-ms="10021" status="PASS">
          <params>
            <param index="0">
              <value>
                <![CDATA[Admin4]]>
              </value>
            </param>
            <param index="1">
              <value>
                <![CDATA[admin423]]>
              </value>
            </param>
          </params>
          <reporter-output>
          </reporter-output>
        </test-method> <!-- Login -->
      </class> <!-- Framework.LoginPage -->
    </test> <!-- Default test -->
  </suite> <!-- Default suite -->
</testng-results>
